2025-06-26 08:46:51 - INFO - === ADMISSION PREDICTION MODEL TRAINING PIPELINE ===
2025-06-26 08:46:51 - INFO - === Loading Processed Data ===
2025-06-26 08:46:51 - INFO - Training data loaded: X_train (400, 7), y_train (400,)
2025-06-26 08:46:51 - INFO - Test data loaded: X_test (100, 7), y_test (100,)
2025-06-26 08:46:51 - INFO - Features: ['GRE Score', 'TOEFL Score', 'University Rating', 'SOP', 'LOR ', 'CGPA', 'Research']
2025-06-26 08:46:51 - INFO - === Feature Preprocessing ===
2025-06-26 08:46:51 - INFO - Features scaled using StandardScaler
2025-06-26 08:46:51 - INFO - Scaled training data shape: (400, 7)
2025-06-26 08:46:51 - INFO - Scaled test data shape: (100, 7)
2025-06-26 08:46:51 - INFO - === Creating Models ===
2025-06-26 08:46:51 - INFO - Created 3 models: ['Linear Regression', 'Random Forest', 'Gradient Boosting']
2025-06-26 08:46:51 - INFO - === Cross-Validation Evaluation (CV=5) ===
2025-06-26 08:46:51 - INFO - Evaluating Linear Regression...
2025-06-26 08:46:51 - INFO - Linear Regression - Mean R²: 0.8079 (±0.0513)
2025-06-26 08:46:51 - INFO - Evaluating Random Forest...
2025-06-26 08:46:53 - INFO - Random Forest - Mean R²: 0.7785 (±0.0422)
2025-06-26 08:46:53 - INFO - Evaluating Gradient Boosting...
2025-06-26 08:46:53 - INFO - Gradient Boosting - Mean R²: 0.7366 (±0.0451)
2025-06-26 08:46:53 - INFO - Best model by CV: Linear Regression
2025-06-26 08:46:53 - INFO - === Training Best Model: Linear Regression ===
2025-06-26 08:46:53 - INFO - Linear Regression trained successfully
2025-06-26 08:46:53 - INFO - === Model Performance Evaluation ===
2025-06-26 08:46:53 - INFO - Training Set Performance:
2025-06-26 08:46:53 - INFO -   R²: 0.8211
2025-06-26 08:46:53 - INFO -   RMSE: 0.0594
2025-06-26 08:46:53 - INFO -   MAE: 0.0425
2025-06-26 08:46:53 - INFO -   MAPE: 6.8482
2025-06-26 08:46:53 - INFO - Test Set Performance:
2025-06-26 08:46:53 - INFO -   R²: 0.8188
2025-06-26 08:46:53 - INFO -   RMSE: 0.0609
2025-06-26 08:46:53 - INFO -   MAE: 0.0427
2025-06-26 08:46:53 - INFO -   MAPE: 6.8578
2025-06-26 08:46:53 - INFO - Good generalization: R² difference = 0.0022
2025-06-26 08:46:53 - INFO - Model performance is satisfactory (R² = 0.8188)
2025-06-26 08:46:53 - INFO - === Saving Model to BentoML ===
2025-06-26 08:46:54 - INFO - Using the default model signature for scikit-learn ({'predict': {'batchable': False}}) for model "admission_prediction_linear_regression".
2025-06-26 08:46:54 - INFO - Model saved to BentoML with tag: Model(tag="admission_prediction_linear_regression:drngstssnkzr6o4p")
2025-06-26 08:46:54 - INFO - Model metadata: {'model_type': 'Linear Regression', 'test_r2': 0.8188432567829627, 'test_rmse': np.float64(0.06086588041578314), 'test_mae': 0.0427226542770537, 'test_mape': np.float64(6.857756648317821), 'features': ['GRE Score', 'TOEFL Score', 'University Rating', 'SOP', 'LOR ', 'CGPA', 'Research'], 'target': 'Chance of Admit', 'training_date': '2025-06-26T08:46:53.770833'}
2025-06-26 08:46:54 - INFO - === Verifying Model Registration ===
2025-06-26 08:46:54 - INFO - Successfully loaded model: Model(tag="admission_prediction_linear_regression:drngstssnkzr6o4p")
2025-06-26 08:46:54 - INFO - Test prediction successful: 11.9206
2025-06-26 08:46:54 - INFO - === PIPELINE COMPLETED SUCCESSFULLY ===
2025-06-26 08:46:54 - INFO - Best model: Linear Regression
2025-06-26 08:46:54 - INFO - Test R²: 0.8188
2025-06-26 08:46:54 - INFO - BentoML model tag: Model(tag="admission_prediction_linear_regression:drngstssnkzr6o4p")
