2025-06-26 08:44:45,346 - INFO - === ADMISSION PREDICTION MODEL TRAINING ===
2025-06-26 08:44:45,346 - INFO - Loading processed data...
2025-06-26 08:44:45,354 - INFO - Data loaded successfully:
2025-06-26 08:44:45,354 - INFO -   X_train: (400, 7)
2025-06-26 08:44:45,354 - INFO -   X_test: (100, 7)
2025-06-26 08:44:45,354 - INFO -   y_train: (400,)
2025-06-26 08:44:45,355 - INFO -   y_test: (100,)
2025-06-26 08:44:45,355 - INFO - Preprocessing features...
2025-06-26 08:44:45,360 - INFO - Created 3 models for evaluation
2025-06-26 08:44:45,360 - INFO - Evaluating Linear Regression...
2025-06-26 08:44:45,376 - INFO - Linear Regression CV R²: 0.8079 (±0.0513)
2025-06-26 08:44:45,376 - INFO - Evaluating Random Forest...
2025-06-26 08:44:46,706 - INFO - Random Forest CV R²: 0.7756 (±0.0407)
2025-06-26 08:44:46,706 - INFO - Evaluating Gradient Boosting...
2025-06-26 08:44:47,231 - INFO - Gradient Boosting CV R²: 0.7682 (±0.0561)
2025-06-26 08:44:47,231 - INFO - Best model: Linear Regression (CV R² = 0.8079)
2025-06-26 08:44:47,232 - INFO - Training Linear Regression on full training set...
2025-06-26 08:44:47,235 - INFO - Test Set Performance:
2025-06-26 08:44:47,235 - INFO -   R²: 0.8188
2025-06-26 08:44:47,235 - INFO -   RMSE: 0.0609
2025-06-26 08:44:47,235 - INFO -   MAE: 0.0427
2025-06-26 08:44:47,236 - INFO - Model performance satisfactory (R² = 0.8188)
2025-06-26 08:44:47,236 - INFO - Saving model to BentoML...
2025-06-26 08:44:47,880 - INFO - Using the default model signature for scikit-learn ({'predict': {'batchable': False}}) for model "admission_prediction_linear_regression".
2025-06-26 08:44:47,921 - INFO - Model saved with tag: Model(tag="admission_prediction_linear_regression:2dyjivssngzr6o4p")
2025-06-26 08:44:47,921 - INFO - Verifying model registration...
2025-06-26 08:44:47,922 - INFO - Verification prediction: 0.9146
2025-06-26 08:44:47,922 - INFO - Model verification successful!
